Build started 25/01/2014 15:44:54.
     1>Project "C:\Users\David\Downloads\cocos2d-x-2.2.2\cocos2d-x-2.2.2\samples\Cpp\HelloCpp\proj.win32\HelloCpp.vcxproj" on node 2 (Build target(s)).
     1>ClCompile:
         C:\Program Files (x86)\Microsoft Visual Studio 11.0\VC\bin\CL.exe /c /I"C:\Users\David\Downloads\cocos2d-x-2.2.2\cocos2d-x-2.2.2\samples\Cpp\HelloCpp\proj.win32\..\..\..\..\cocos2dx" /I"C:\Users\David\Downloads\cocos2d-x-2.2.2\cocos2d-x-2.2.2\samples\Cpp\HelloCpp\proj.win32\..\..\..\..\external" /I"C:\Users\David\Downloads\cocos2d-x-2.2.2\cocos2d-x-2.2.2\samples\Cpp\HelloCpp\proj.win32\..\..\..\..\cocos2dx\include" /I"C:\Users\David\Downloads\cocos2d-x-2.2.2\cocos2d-x-2.2.2\samples\Cpp\HelloCpp\proj.win32\..\..\..\..\external\Box2D" /I"C:\Users\David\Downloads\cocos2d-x-2.2.2\cocos2d-x-2.2.2\samples\Cpp\HelloCpp\proj.win32\..\..\..\..\cocos2dx\kazmath\include" /I"C:\Users\David\Downloads\cocos2d-x-2.2.2\cocos2d-x-2.2.2\samples\Cpp\HelloCpp\proj.win32\..\..\..\..\cocos2dx\platform\win32" /I"C:\Users\David\Downloads\cocos2d-x-2.2.2\cocos2d-x-2.2.2\samples\Cpp\HelloCpp\proj.win32\..\..\..\..\cocos2dx\platform\third_party\win32\OGLES" /I..\Classes /ZI /nologo /W3 /WX- /Od /Oy- /D WIN32 /D _DEBUG /D _WINDOWS /D COCOS2D_DEBUG=1 /D _CRT_SECURE_NO_WARNINGS /D _SCL_SECURE_NO_WARNINGS /D _USING_V110_SDK71_ /D _UNICODE /D UNICODE /Gm /EHsc /RTC1 /MDd /GS /fp:precise /Zc:wchar_t /Zc:forScope /Fo"Debug.win32\\" /Fd"Debug.win32\vc110.pdb" /Gd /TP /wd4267 /wd4251 /wd4244 /analyze- /errorReport:prompt ..\Classes\HelloWorldScene.cpp
         HelloWorldScene.cpp
     1>c:\users\david\downloads\cocos2d-x-2.2.2\cocos2d-x-2.2.2\samples\cpp\hellocpp\classes\helloworldscene.cpp(113): warning C4305: 'argument' : truncation from 'double' to 'float32'
     1>c:\users\david\downloads\cocos2d-x-2.2.2\cocos2d-x-2.2.2\samples\cpp\hellocpp\classes\helloworldscene.cpp(127): warning C4305: '=' : truncation from 'double' to 'float32'
     1>c:\users\david\downloads\cocos2d-x-2.2.2\cocos2d-x-2.2.2\samples\cpp\hellocpp\classes\helloworldscene.cpp(128): warning C4305: 'argument' : truncation from 'double' to 'float32'
     1>c:\users\david\downloads\cocos2d-x-2.2.2\cocos2d-x-2.2.2\samples\cpp\hellocpp\classes\helloworldscene.cpp(157): warning C4002: too many actual parameters for macro 'schedule_selector'
       Link:
         C:\Program Files (x86)\Microsoft Visual Studio 11.0\VC\bin\link.exe /ERRORREPORT:PROMPT /OUT:"C:\Users\David\Downloads\cocos2d-x-2.2.2\cocos2d-x-2.2.2\Debug.win32\HelloCpp.exe" /INCREMENTAL /NOLOGO /LIBPATH:"C:\Users\David\Downloads\cocos2d-x-2.2.2\cocos2d-x-2.2.2\Debug.win32\\" opengl32.lib glew32.lib libcocos2d.lib kernel32.lib user32.lib gdi32.lib winspool.lib comdlg32.lib advapi32.lib shell32.lib ole32.lib oleaut32.lib uuid.lib odbc32.lib odbccp32.lib /MANIFEST /MANIFESTUAC:"level='asInvoker' uiAccess='false'" /manifest:embed /DEBUG /PDB:"C:\Users\David\Downloads\cocos2d-x-2.2.2\cocos2d-x-2.2.2\Debug.win32\HelloCpp.pdb" /SUBSYSTEM:WINDOWS,"5.01" /TLBID:1 /DYNAMICBASE /NXCOMPAT /IMPLIB:"C:\Users\David\Downloads\cocos2d-x-2.2.2\cocos2d-x-2.2.2\Debug.win32\HelloCpp.lib" /MACHINE:X86 /SAFESEH Debug.win32\AppDelegate.obj
         Debug.win32\ContactListener.obj
         "Debug.win32\GLES-Render.obj"
         Debug.win32\HelloWorldScene.obj
         Debug.win32\MainMenu.obj
         Debug.win32\main.obj
         "C:\Users\David\Downloads\cocos2d-x-2.2.2\cocos2d-x-2.2.2\Debug.win32\libcocos2d.lib"
         "C:\Users\David\Downloads\cocos2d-x-2.2.2\cocos2d-x-2.2.2\Debug.win32\libCocosDenshion.lib"
         "C:\Users\David\Downloads\cocos2d-x-2.2.2\cocos2d-x-2.2.2\Debug.win32\libBox2D.lib"
         HelloCpp.vcxproj -> C:\Users\David\Downloads\cocos2d-x-2.2.2\cocos2d-x-2.2.2\Debug.win32\HelloCpp.exe
     1>Done Building Project "C:\Users\David\Downloads\cocos2d-x-2.2.2\cocos2d-x-2.2.2\samples\Cpp\HelloCpp\proj.win32\HelloCpp.vcxproj" (Build target(s)).

Build succeeded.

Time Elapsed 00:00:03.48
